
*** Running vivado
    with args -log top_level.vds -m64 -product Vivado -mode batch -messageDb vivado.pb -notrace -source top_level.tcl


****** Vivado v2019.2 (64-bit)
  **** SW Build 2708876 on Wed Nov  6 21:39:14 MST 2019
  **** IP Build 2700528 on Thu Nov  7 00:09:20 MST 2019
    ** Copyright 1986-2019 Xilinx, Inc. All Rights Reserved.

source top_level.tcl -notrace
Command: synth_design -top top_level -part xc7a100tcsg324-1
Starting synth_design
Attempting to get a license for feature 'Synthesis' and/or device 'xc7a100t'
INFO: [Common 17-349] Got license for feature 'Synthesis' and/or device 'xc7a100t'
INFO: [Device 21-403] Loading part xc7a100tcsg324-1
INFO: Launching helper process for spawning children vivado processes
INFO: Helper process launched with PID 1368479 
WARNING: [Synth 8-2507] parameter declaration becomes local in picture_blob with formal parameter declaration list [/home/joselavariega/Desktop/6.111 Digital Systems Lab/lab3_p1/lab3_p1.srcs/sources_1/imports/Downloads/top_level.sv:596]
---------------------------------------------------------------------------------
Starting RTL Elaboration : Time (s): cpu = 00:00:02 ; elapsed = 00:00:03 . Memory (MB): peak = 1826.340 ; gain = 206.688 ; free physical = 4748 ; free virtual = 12679
---------------------------------------------------------------------------------
INFO: [Synth 8-6157] synthesizing module 'top_level' [/home/joselavariega/Desktop/6.111 Digital Systems Lab/lab3_p1/lab3_p1.srcs/sources_1/imports/Downloads/top_level.sv:17]
INFO: [Synth 8-6157] synthesizing module 'clk_wiz_lab3' [/home/joselavariega/Desktop/6.111 Digital Systems Lab/lab3_p1/lab3_p1.srcs/sources_1/imports/Downloads/clk_wiz_lab3.v:67]
INFO: [Synth 8-6157] synthesizing module 'IBUF' [/tools/Xilinx/Vivado/2019.2/scripts/rt/data/unisim_comp.v:32937]
	Parameter CAPACITANCE bound to: DONT_CARE - type: string 
	Parameter IBUF_DELAY_VALUE bound to: 0 - type: string 
	Parameter IBUF_LOW_PWR bound to: TRUE - type: string 
	Parameter IFD_DELAY_VALUE bound to: AUTO - type: string 
	Parameter IOSTANDARD bound to: DEFAULT - type: string 
INFO: [Synth 8-6155] done synthesizing module 'IBUF' (1#1) [/tools/Xilinx/Vivado/2019.2/scripts/rt/data/unisim_comp.v:32937]
INFO: [Synth 8-6157] synthesizing module 'MMCME2_ADV' [/tools/Xilinx/Vivado/2019.2/scripts/rt/data/unisim_comp.v:39940]
	Parameter BANDWIDTH bound to: OPTIMIZED - type: string 
	Parameter CLKFBOUT_MULT_F bound to: 50.375000 - type: double 
	Parameter CLKFBOUT_PHASE bound to: 0.000000 - type: double 
	Parameter CLKFBOUT_USE_FINE_PS bound to: FALSE - type: string 
	Parameter CLKIN1_PERIOD bound to: 10.000000 - type: double 
	Parameter CLKIN2_PERIOD bound to: 0.000000 - type: double 
	Parameter CLKOUT0_DIVIDE_F bound to: 15.500000 - type: double 
	Parameter CLKOUT0_DUTY_CYCLE bound to: 0.500000 - type: double 
	Parameter CLKOUT0_PHASE bound to: 0.000000 - type: double 
	Parameter CLKOUT0_USE_FINE_PS bound to: FALSE - type: string 
	Parameter CLKOUT1_DIVIDE bound to: 1 - type: integer 
	Parameter CLKOUT1_DUTY_CYCLE bound to: 0.500000 - type: double 
	Parameter CLKOUT1_PHASE bound to: 0.000000 - type: double 
	Parameter CLKOUT1_USE_FINE_PS bound to: FALSE - type: string 
	Parameter CLKOUT2_DIVIDE bound to: 1 - type: integer 
	Parameter CLKOUT2_DUTY_CYCLE bound to: 0.500000 - type: double 
	Parameter CLKOUT2_PHASE bound to: 0.000000 - type: double 
	Parameter CLKOUT2_USE_FINE_PS bound to: FALSE - type: string 
	Parameter CLKOUT3_DIVIDE bound to: 1 - type: integer 
	Parameter CLKOUT3_DUTY_CYCLE bound to: 0.500000 - type: double 
	Parameter CLKOUT3_PHASE bound to: 0.000000 - type: double 
	Parameter CLKOUT3_USE_FINE_PS bound to: FALSE - type: string 
	Parameter CLKOUT4_CASCADE bound to: FALSE - type: string 
	Parameter CLKOUT4_DIVIDE bound to: 1 - type: integer 
	Parameter CLKOUT4_DUTY_CYCLE bound to: 0.500000 - type: double 
	Parameter CLKOUT4_PHASE bound to: 0.000000 - type: double 
	Parameter CLKOUT4_USE_FINE_PS bound to: FALSE - type: string 
	Parameter CLKOUT5_DIVIDE bound to: 1 - type: integer 
	Parameter CLKOUT5_DUTY_CYCLE bound to: 0.500000 - type: double 
	Parameter CLKOUT5_PHASE bound to: 0.000000 - type: double 
	Parameter CLKOUT5_USE_FINE_PS bound to: FALSE - type: string 
	Parameter CLKOUT6_DIVIDE bound to: 1 - type: integer 
	Parameter CLKOUT6_DUTY_CYCLE bound to: 0.500000 - type: double 
	Parameter CLKOUT6_PHASE bound to: 0.000000 - type: double 
	Parameter CLKOUT6_USE_FINE_PS bound to: FALSE - type: string 
	Parameter COMPENSATION bound to: ZHOLD - type: string 
	Parameter DIVCLK_DIVIDE bound to: 5 - type: integer 
	Parameter IS_CLKINSEL_INVERTED bound to: 1'b0 
	Parameter IS_PSEN_INVERTED bound to: 1'b0 
	Parameter IS_PSINCDEC_INVERTED bound to: 1'b0 
	Parameter IS_PWRDWN_INVERTED bound to: 1'b0 
	Parameter IS_RST_INVERTED bound to: 1'b0 
	Parameter REF_JITTER1 bound to: 0.010000 - type: double 
	Parameter REF_JITTER2 bound to: 0.010000 - type: double 
	Parameter SS_EN bound to: FALSE - type: string 
	Parameter SS_MODE bound to: CENTER_HIGH - type: string 
	Parameter SS_MOD_PERIOD bound to: 10000 - type: integer 
	Parameter STARTUP_WAIT bound to: FALSE - type: string 
INFO: [Synth 8-6155] done synthesizing module 'MMCME2_ADV' (2#1) [/tools/Xilinx/Vivado/2019.2/scripts/rt/data/unisim_comp.v:39940]
INFO: [Synth 8-6157] synthesizing module 'BUFG' [/tools/Xilinx/Vivado/2019.2/scripts/rt/data/unisim_comp.v:1075]
INFO: [Synth 8-6155] done synthesizing module 'BUFG' (3#1) [/tools/Xilinx/Vivado/2019.2/scripts/rt/data/unisim_comp.v:1075]
INFO: [Synth 8-6155] done synthesizing module 'clk_wiz_lab3' (4#1) [/home/joselavariega/Desktop/6.111 Digital Systems Lab/lab3_p1/lab3_p1.srcs/sources_1/imports/Downloads/clk_wiz_lab3.v:67]
INFO: [Synth 8-6157] synthesizing module 'display_8hex' [/home/joselavariega/Desktop/6.111 Digital Systems Lab/lab3_p1/lab3_p1.srcs/sources_1/imports/Downloads/top_level.sv:404]
	Parameter bits bound to: 13 - type: integer 
INFO: [Synth 8-6155] done synthesizing module 'display_8hex' (5#1) [/home/joselavariega/Desktop/6.111 Digital Systems Lab/lab3_p1/lab3_p1.srcs/sources_1/imports/Downloads/top_level.sv:404]
INFO: [Synth 8-6157] synthesizing module 'xvga' [/home/joselavariega/Desktop/6.111 Digital Systems Lab/lab3_p1/lab3_p1.srcs/sources_1/imports/Downloads/top_level.sv:502]
	Parameter DISPLAY_WIDTH bound to: 1024 - type: integer 
	Parameter DISPLAY_HEIGHT bound to: 768 - type: integer 
	Parameter H_FP bound to: 24 - type: integer 
	Parameter H_SYNC_PULSE bound to: 136 - type: integer 
	Parameter H_BP bound to: 160 - type: integer 
	Parameter V_FP bound to: 3 - type: integer 
	Parameter V_SYNC_PULSE bound to: 6 - type: integer 
	Parameter V_BP bound to: 29 - type: integer 
INFO: [Synth 8-6155] done synthesizing module 'xvga' (6#1) [/home/joselavariega/Desktop/6.111 Digital Systems Lab/lab3_p1/lab3_p1.srcs/sources_1/imports/Downloads/top_level.sv:502]
INFO: [Synth 8-6157] synthesizing module 'debounce' [/home/joselavariega/Desktop/6.111 Digital Systems Lab/lab3_p1/lab3_p1.srcs/sources_1/imports/Downloads/top_level.sv:377]
INFO: [Synth 8-6155] done synthesizing module 'debounce' (7#1) [/home/joselavariega/Desktop/6.111 Digital Systems Lab/lab3_p1/lab3_p1.srcs/sources_1/imports/Downloads/top_level.sv:377]
INFO: [Synth 8-6157] synthesizing module 'pong_game' [/home/joselavariega/Desktop/6.111 Digital Systems Lab/lab3_p1/lab3_p1.srcs/sources_1/imports/Downloads/top_level.sv:138]
	Parameter ALPHA_DENUM bound to: 2 - type: integer 
INFO: [Synth 8-6157] synthesizing module 'blob' [/home/joselavariega/Desktop/6.111 Digital Systems Lab/lab3_p1/lab3_p1.srcs/sources_1/imports/Downloads/top_level.sv:559]
	Parameter WIDTH bound to: 16 - type: integer 
	Parameter HEIGHT bound to: 128 - type: integer 
	Parameter COLOR bound to: 12'b111111110000 
INFO: [Synth 8-6155] done synthesizing module 'blob' (8#1) [/home/joselavariega/Desktop/6.111 Digital Systems Lab/lab3_p1/lab3_p1.srcs/sources_1/imports/Downloads/top_level.sv:559]
INFO: [Synth 8-6157] synthesizing module 'picture_blob' [/home/joselavariega/Desktop/6.111 Digital Systems Lab/lab3_p1/lab3_p1.srcs/sources_1/imports/Downloads/top_level.sv:581]
	Parameter WIDTH bound to: 256 - type: integer 
	Parameter HEIGHT bound to: 240 - type: integer 
	Parameter SCALE_BITS bound to: 8 - type: integer 
INFO: [Synth 8-6157] synthesizing module 'image_rom_ds2' [/home/joselavariega/Desktop/6.111 Digital Systems Lab/lab3_p1/lab3_p1.runs/synth_1/.Xil/Vivado-1368437-system76-pc/realtime/image_rom_ds2_stub.v:6]
INFO: [Synth 8-6155] done synthesizing module 'image_rom_ds2' (9#1) [/home/joselavariega/Desktop/6.111 Digital Systems Lab/lab3_p1/lab3_p1.runs/synth_1/.Xil/Vivado-1368437-system76-pc/realtime/image_rom_ds2_stub.v:6]
INFO: [Synth 8-6157] synthesizing module 'image_rom' [/home/joselavariega/Desktop/6.111 Digital Systems Lab/lab3_p1/lab3_p1.runs/synth_1/.Xil/Vivado-1368437-system76-pc/realtime/image_rom_stub.v:6]
INFO: [Synth 8-6155] done synthesizing module 'image_rom' (10#1) [/home/joselavariega/Desktop/6.111 Digital Systems Lab/lab3_p1/lab3_p1.runs/synth_1/.Xil/Vivado-1368437-system76-pc/realtime/image_rom_stub.v:6]
INFO: [Synth 8-6155] done synthesizing module 'picture_blob' (11#1) [/home/joselavariega/Desktop/6.111 Digital Systems Lab/lab3_p1/lab3_p1.srcs/sources_1/imports/Downloads/top_level.sv:581]
WARNING: [Synth 8-689] width (12) of port connection 'x_in' does not match port width (11) of module 'picture_blob' [/home/joselavariega/Desktop/6.111 Digital Systems Lab/lab3_p1/lab3_p1.srcs/sources_1/imports/Downloads/top_level.sv:206]
INFO: [Synth 8-6157] synthesizing module 'blob__parameterized0' [/home/joselavariega/Desktop/6.111 Digital Systems Lab/lab3_p1/lab3_p1.srcs/sources_1/imports/Downloads/top_level.sv:559]
	Parameter WIDTH bound to: 256 - type: integer 
	Parameter HEIGHT bound to: 256 - type: integer 
	Parameter COLOR bound to: 12'b111111111111 
INFO: [Synth 8-6155] done synthesizing module 'blob__parameterized0' (11#1) [/home/joselavariega/Desktop/6.111 Digital Systems Lab/lab3_p1/lab3_p1.srcs/sources_1/imports/Downloads/top_level.sv:559]
WARNING: [Synth 8-689] width (12) of port connection 'x_in' does not match port width (11) of module 'blob__parameterized0' [/home/joselavariega/Desktop/6.111 Digital Systems Lab/lab3_p1/lab3_p1.srcs/sources_1/imports/Downloads/top_level.sv:210]
INFO: [Synth 8-6157] synthesizing module 'blob__parameterized1' [/home/joselavariega/Desktop/6.111 Digital Systems Lab/lab3_p1/lab3_p1.srcs/sources_1/imports/Downloads/top_level.sv:559]
	Parameter WIDTH bound to: 128 - type: integer 
	Parameter HEIGHT bound to: 128 - type: integer 
	Parameter COLOR bound to: 12'b111100000000 
INFO: [Synth 8-6155] done synthesizing module 'blob__parameterized1' (11#1) [/home/joselavariega/Desktop/6.111 Digital Systems Lab/lab3_p1/lab3_p1.srcs/sources_1/imports/Downloads/top_level.sv:559]
WARNING: [Synth 8-689] width (12) of port connection 'y_in' does not match port width (10) of module 'blob__parameterized1' [/home/joselavariega/Desktop/6.111 Digital Systems Lab/lab3_p1/lab3_p1.srcs/sources_1/imports/Downloads/top_level.sv:214]
WARNING: [Synth 8-6014] Unused sequential element puck_velx_reg was removed.  [/home/joselavariega/Desktop/6.111 Digital Systems Lab/lab3_p1/lab3_p1.srcs/sources_1/imports/Downloads/top_level.sv:269]
WARNING: [Synth 8-6014] Unused sequential element puck_vely_reg was removed.  [/home/joselavariega/Desktop/6.111 Digital Systems Lab/lab3_p1/lab3_p1.srcs/sources_1/imports/Downloads/top_level.sv:270]
INFO: [Synth 8-6155] done synthesizing module 'pong_game' (12#1) [/home/joselavariega/Desktop/6.111 Digital Systems Lab/lab3_p1/lab3_p1.srcs/sources_1/imports/Downloads/top_level.sv:138]
INFO: [Synth 8-6155] done synthesizing module 'top_level' (13#1) [/home/joselavariega/Desktop/6.111 Digital Systems Lab/lab3_p1/lab3_p1.srcs/sources_1/imports/Downloads/top_level.sv:17]
WARNING: [Synth 8-3917] design top_level has port dp driven by constant 1
---------------------------------------------------------------------------------
Finished RTL Elaboration : Time (s): cpu = 00:00:03 ; elapsed = 00:00:04 . Memory (MB): peak = 1867.215 ; gain = 247.562 ; free physical = 4785 ; free virtual = 12717
---------------------------------------------------------------------------------

Report Check Netlist: 
+------+------------------+-------+---------+-------+------------------+
|      |Item              |Errors |Warnings |Status |Description       |
+------+------------------+-------+---------+-------+------------------+
|1     |multi_driven_nets |      0|        0|Passed |Multi driven nets |
+------+------------------+-------+---------+-------+------------------+
---------------------------------------------------------------------------------
Start Handling Custom Attributes
---------------------------------------------------------------------------------
---------------------------------------------------------------------------------
Finished Handling Custom Attributes : Time (s): cpu = 00:00:04 ; elapsed = 00:00:05 . Memory (MB): peak = 1882.059 ; gain = 262.406 ; free physical = 4783 ; free virtual = 12714
---------------------------------------------------------------------------------
---------------------------------------------------------------------------------
Finished RTL Optimization Phase 1 : Time (s): cpu = 00:00:04 ; elapsed = 00:00:05 . Memory (MB): peak = 1882.059 ; gain = 262.406 ; free physical = 4783 ; free virtual = 12714
---------------------------------------------------------------------------------
Netlist sorting complete. Time (s): cpu = 00:00:00.01 ; elapsed = 00:00:00.01 . Memory (MB): peak = 1888.996 ; gain = 0.000 ; free physical = 4774 ; free virtual = 12706
INFO: [Netlist 29-17] Analyzing 1 Unisim elements for replacement
INFO: [Netlist 29-28] Unisim Transformation completed in 0 CPU seconds
INFO: [Project 1-570] Preparing netlist for logic optimization

Processing XDC Constraints
Initializing timing engine
Parsing XDC File [/home/joselavariega/Desktop/6.111 Digital Systems Lab/lab3_p1/lab3_p1.srcs/sources_1/ip/image_rom/image_rom/image_rom_in_context.xdc] for cell 'pg/moon/ds_color_map'
Finished Parsing XDC File [/home/joselavariega/Desktop/6.111 Digital Systems Lab/lab3_p1/lab3_p1.srcs/sources_1/ip/image_rom/image_rom/image_rom_in_context.xdc] for cell 'pg/moon/ds_color_map'
Parsing XDC File [/home/joselavariega/Desktop/6.111 Digital Systems Lab/lab3_p1/lab3_p1.srcs/sources_1/ip/image_rom_ds2/image_rom_ds2/image_rom_ds2_in_context.xdc] for cell 'pg/moon/ds_image'
Finished Parsing XDC File [/home/joselavariega/Desktop/6.111 Digital Systems Lab/lab3_p1/lab3_p1.srcs/sources_1/ip/image_rom_ds2/image_rom_ds2/image_rom_ds2_in_context.xdc] for cell 'pg/moon/ds_image'
Parsing XDC File [/home/joselavariega/Desktop/6.111 Digital Systems Lab/lab3_p1/lab3_p1.srcs/constrs_1/imports/Downloads/nexys4_ddr_lab3.xdc]
Finished Parsing XDC File [/home/joselavariega/Desktop/6.111 Digital Systems Lab/lab3_p1/lab3_p1.srcs/constrs_1/imports/Downloads/nexys4_ddr_lab3.xdc]
INFO: [Project 1-236] Implementation specific constraints were found while reading constraint file [/home/joselavariega/Desktop/6.111 Digital Systems Lab/lab3_p1/lab3_p1.srcs/constrs_1/imports/Downloads/nexys4_ddr_lab3.xdc]. These constraints will be ignored for synthesis but will be used in implementation. Impacted constraints are listed in the file [.Xil/top_level_propImpl.xdc].
Resolution: To avoid this warning, move constraints listed in [.Xil/top_level_propImpl.xdc] to another XDC file and exclude this new file from synthesis with the used_in_synthesis property (File Properties dialog in GUI) and re-run elaboration/synthesis.
INFO: [Timing 38-2] Deriving generated clocks
Completed Processing XDC Constraints

Netlist sorting complete. Time (s): cpu = 00:00:00 ; elapsed = 00:00:00 . Memory (MB): peak = 2050.777 ; gain = 0.000 ; free physical = 4692 ; free virtual = 12623
INFO: [Project 1-111] Unisim Transformation Summary:
No Unisim elements were transformed.

Constraint Validation Runtime : Time (s): cpu = 00:00:00 ; elapsed = 00:00:00.01 . Memory (MB): peak = 2050.777 ; gain = 0.000 ; free physical = 4692 ; free virtual = 12623
WARNING: [Timing 38-316] Clock period '20.000' specified during out-of-context synthesis of instance 'pg/moon/ds_color_map' at clock pin 'clka' is different from the actual clock period '15.385', this can lead to different synthesis results.
WARNING: [Timing 38-316] Clock period '20.000' specified during out-of-context synthesis of instance 'pg/moon/ds_image' at clock pin 'clka' is different from the actual clock period '15.385', this can lead to different synthesis results.
---------------------------------------------------------------------------------
Finished Constraint Validation : Time (s): cpu = 00:00:07 ; elapsed = 00:00:09 . Memory (MB): peak = 2050.777 ; gain = 431.125 ; free physical = 4756 ; free virtual = 12688
---------------------------------------------------------------------------------
---------------------------------------------------------------------------------
Start Loading Part and Timing Information
---------------------------------------------------------------------------------
Loading part: xc7a100tcsg324-1
---------------------------------------------------------------------------------
Finished Loading Part and Timing Information : Time (s): cpu = 00:00:07 ; elapsed = 00:00:09 . Memory (MB): peak = 2050.777 ; gain = 431.125 ; free physical = 4756 ; free virtual = 12688
---------------------------------------------------------------------------------
---------------------------------------------------------------------------------
Start Applying 'set_property' XDC Constraints
---------------------------------------------------------------------------------
Applied set_property DONT_TOUCH = true for pg/moon/ds_color_map. (constraint file  auto generated constraint, line ).
Applied set_property DONT_TOUCH = true for pg/moon/ds_image. (constraint file  auto generated constraint, line ).
---------------------------------------------------------------------------------
Finished applying 'set_property' XDC Constraints : Time (s): cpu = 00:00:07 ; elapsed = 00:00:09 . Memory (MB): peak = 2050.777 ; gain = 431.125 ; free physical = 4756 ; free virtual = 12688
---------------------------------------------------------------------------------
---------------------------------------------------------------------------------
Finished RTL Optimization Phase 2 : Time (s): cpu = 00:00:08 ; elapsed = 00:00:10 . Memory (MB): peak = 2050.777 ; gain = 431.125 ; free physical = 4751 ; free virtual = 12684
---------------------------------------------------------------------------------

Report RTL Partitions: 
+-+--------------+------------+----------+
| |RTL Partition |Replication |Instances |
+-+--------------+------------+----------+
+-+--------------+------------+----------+
---------------------------------------------------------------------------------
Start RTL Component Statistics 
---------------------------------------------------------------------------------
Detailed RTL Component Info : 
+---Adders : 
	   3 Input     22 Bit       Adders := 1     
	   3 Input     21 Bit       Adders := 1     
	   3 Input     14 Bit       Adders := 1     
	   3 Input     13 Bit       Adders := 4     
	   3 Input     12 Bit       Adders := 4     
	   2 Input     12 Bit       Adders := 1     
	   2 Input     11 Bit       Adders := 4     
	   2 Input     10 Bit       Adders := 2     
	   3 Input     10 Bit       Adders := 2     
	   2 Input      4 Bit       Adders := 1     
+---Registers : 
	               16 Bit    Registers := 1     
	               12 Bit    Registers := 3     
	               11 Bit    Registers := 1     
	               10 Bit    Registers := 4     
	                8 Bit    Registers := 1     
	                7 Bit    Registers := 1     
	                1 Bit    Registers := 18    
+---Muxes : 
	   3 Input     16 Bit        Muxes := 1     
	   2 Input     12 Bit        Muxes := 5     
	   3 Input     12 Bit        Muxes := 1     
	   2 Input     10 Bit        Muxes := 1     
	   8 Input      8 Bit        Muxes := 1     
	   2 Input      4 Bit        Muxes := 4     
	   2 Input      1 Bit        Muxes := 18    
	   3 Input      1 Bit        Muxes := 3     
---------------------------------------------------------------------------------
Finished RTL Component Statistics 
---------------------------------------------------------------------------------
---------------------------------------------------------------------------------
Start RTL Hierarchical Component Statistics 
---------------------------------------------------------------------------------
Hierarchical RTL Component report 
Module top_level 
Detailed RTL Component Info : 
+---Registers : 
	               12 Bit    Registers := 1     
	                1 Bit    Registers := 3     
+---Muxes : 
	   3 Input     12 Bit        Muxes := 1     
	   2 Input      4 Bit        Muxes := 3     
	   3 Input      1 Bit        Muxes := 3     
Module display_8hex 
Detailed RTL Component Info : 
+---Registers : 
	                8 Bit    Registers := 1     
	                7 Bit    Registers := 1     
+---Muxes : 
	   8 Input      8 Bit        Muxes := 1     
Module xvga 
Detailed RTL Component Info : 
+---Adders : 
	   2 Input     11 Bit       Adders := 1     
	   2 Input     10 Bit       Adders := 1     
+---Registers : 
	               11 Bit    Registers := 1     
	               10 Bit    Registers := 1     
	                1 Bit    Registers := 5     
+---Muxes : 
	   2 Input      1 Bit        Muxes := 2     
Module debounce 
Detailed RTL Component Info : 
+---Registers : 
	                1 Bit    Registers := 2     
+---Muxes : 
	   2 Input      1 Bit        Muxes := 4     
Module blob 
Detailed RTL Component Info : 
+---Adders : 
	   3 Input     13 Bit       Adders := 1     
	   3 Input     12 Bit       Adders := 1     
Module picture_blob 
Detailed RTL Component Info : 
+---Adders : 
	   3 Input     22 Bit       Adders := 1     
	   3 Input     21 Bit       Adders := 1     
+---Registers : 
	               12 Bit    Registers := 1     
+---Muxes : 
	   2 Input     12 Bit        Muxes := 1     
Module blob__parameterized0 
Detailed RTL Component Info : 
+---Adders : 
	   3 Input     13 Bit       Adders := 1     
	   3 Input     12 Bit       Adders := 1     
Module blob__parameterized1 
Detailed RTL Component Info : 
+---Adders : 
	   3 Input     13 Bit       Adders := 1     
	   3 Input     12 Bit       Adders := 1     
Module pong_game 
Detailed RTL Component Info : 
+---Adders : 
	   3 Input     14 Bit       Adders := 1     
	   3 Input     13 Bit       Adders := 1     
	   2 Input     12 Bit       Adders := 1     
	   3 Input     12 Bit       Adders := 1     
	   2 Input     11 Bit       Adders := 3     
	   3 Input     10 Bit       Adders := 2     
	   2 Input     10 Bit       Adders := 1     
	   2 Input      4 Bit       Adders := 1     
+---Registers : 
	               16 Bit    Registers := 1     
	               12 Bit    Registers := 1     
	               10 Bit    Registers := 3     
	                1 Bit    Registers := 4     
+---Muxes : 
	   3 Input     16 Bit        Muxes := 1     
	   2 Input     12 Bit        Muxes := 4     
	   2 Input     10 Bit        Muxes := 1     
	   2 Input      4 Bit        Muxes := 1     
	   2 Input      1 Bit        Muxes := 4     
---------------------------------------------------------------------------------
Finished RTL Hierarchical Component Statistics
---------------------------------------------------------------------------------
---------------------------------------------------------------------------------
Start Part Resource Summary
---------------------------------------------------------------------------------
Part Resources:
DSPs: 240 (col length:80)
BRAMs: 270 (col length: RAMB18 80 RAMB36 40)
---------------------------------------------------------------------------------
Finished Part Resource Summary
---------------------------------------------------------------------------------
---------------------------------------------------------------------------------
Start Cross Boundary and Area Optimization
---------------------------------------------------------------------------------
Warning: Parallel synthesis criteria is not met 
DSP Debug: swapped A/B pins for adder 0x2702f540
DSP Debug: swapped A/B pins for adder 0x269e13b0
DSP Debug: swapped A/B pins for adder 0x2702f540
DSP Report: Generating DSP moon/y_local_large, operation Mode is: A*B.
DSP Report: operator moon/y_local_large is absorbed into DSP moon/y_local_large.
DSP Report: Generating DSP moon/x_local_large, operation Mode is: A*B.
DSP Report: operator moon/x_local_large is absorbed into DSP moon/x_local_large.
WARNING: [Synth 8-3917] design top_level has port dp driven by constant 1
INFO: [Synth 8-3886] merging instance 'pg/moon_scale_reg[11]' (FDE) to 'pg/moon_scale_reg[12]'
INFO: [Synth 8-3333] propagating constant 0 across sequential element (\pg/moon_scale_reg[12] )
INFO: [Synth 8-3886] merging instance 'pg/moon_scale_reg[13]' (FDRE) to 'pg/moon_scale_reg[14]'
INFO: [Synth 8-3886] merging instance 'pg/moon_scale_reg[14]' (FDRE) to 'pg/moon_scale_reg[15]'
INFO: [Synth 8-3333] propagating constant 0 across sequential element (\pg/moon_scale_reg[15] )
INFO: [Synth 8-3886] merging instance 'pg/blob_x_reg[0]' (FDRE) to 'pg/blob_x_reg[1]'
INFO: [Synth 8-3886] merging instance 'pg/blob_y_reg[10]' (FDRE) to 'pg/blob_x_reg[1]'
INFO: [Synth 8-3886] merging instance 'pg/blob_y_reg[11]' (FDRE) to 'pg/blob_x_reg[1]'
INFO: [Synth 8-3886] merging instance 'pg/blob_y_reg[0]' (FDRE) to 'pg/blob_x_reg[1]'
INFO: [Synth 8-3886] merging instance 'pg/moon/pixel_out_reg[4]' (FD) to 'pg/moon/pixel_out_reg[0]'
INFO: [Synth 8-3886] merging instance 'pg/moon/pixel_out_reg[5]' (FD) to 'pg/moon/pixel_out_reg[1]'
INFO: [Synth 8-3886] merging instance 'pg/moon/pixel_out_reg[6]' (FD) to 'pg/moon/pixel_out_reg[2]'
INFO: [Synth 8-3886] merging instance 'pg/moon/pixel_out_reg[7]' (FD) to 'pg/moon/pixel_out_reg[3]'
INFO: [Synth 8-3886] merging instance 'pg/moon/pixel_out_reg[0]' (FD) to 'pg/moon/pixel_out_reg[8]'
INFO: [Synth 8-3886] merging instance 'pg/moon/pixel_out_reg[1]' (FD) to 'pg/moon/pixel_out_reg[9]'
INFO: [Synth 8-3886] merging instance 'pg/moon/pixel_out_reg[2]' (FD) to 'pg/moon/pixel_out_reg[10]'
INFO: [Synth 8-3886] merging instance 'pg/moon/pixel_out_reg[3]' (FD) to 'pg/moon/pixel_out_reg[11]'
INFO: [Synth 8-3886] merging instance 'pg/blob_x_reg[1]' (FDRE) to 'pg/blob_x_reg[3]'
INFO: [Synth 8-3886] merging instance 'pg/blob_x_reg[2]' (FDSE) to 'pg/blob_x_reg[4]'
INFO: [Synth 8-3886] merging instance 'pg/blob_x_reg[3]' (FDRE) to 'pg/blob_x_reg[9]'
INFO: [Synth 8-3886] merging instance 'pg/blob_x_reg[4]' (FDSE) to 'pg/blob_x_reg[5]'
INFO: [Synth 8-3886] merging instance 'pg/blob_x_reg[5]' (FDSE) to 'pg/blob_x_reg[6]'
INFO: [Synth 8-3886] merging instance 'pg/blob_x_reg[6]' (FDSE) to 'pg/blob_x_reg[7]'
INFO: [Synth 8-3886] merging instance 'pg/blob_x_reg[7]' (FDSE) to 'pg/blob_x_reg[8]'
INFO: [Synth 8-3886] merging instance 'pg/blob_x_reg[8]' (FDSE) to 'pg/blob_y_reg[1]'
INFO: [Synth 8-3886] merging instance 'pg/blob_x_reg[9]' (FDRE) to 'pg/blob_y_reg[2]'
INFO: [Synth 8-3886] merging instance 'pg/blob_y_reg[1]' (FDSE) to 'pg/blob_y_reg[3]'
INFO: [Synth 8-3886] merging instance 'pg/blob_y_reg[2]' (FDRE) to 'pg/blob_y_reg[4]'
INFO: [Synth 8-3886] merging instance 'pg/blob_y_reg[3]' (FDSE) to 'pg/blob_y_reg[6]'
INFO: [Synth 8-3886] merging instance 'pg/blob_y_reg[4]' (FDRE) to 'pg/blob_y_reg[5]'
INFO: [Synth 8-3886] merging instance 'pg/blob_y_reg[5]' (FDRE) to 'pg/blob_y_reg[7]'
INFO: [Synth 8-3886] merging instance 'pg/blob_y_reg[6]' (FDSE) to 'pg/blob_y_reg[8]'
INFO: [Synth 8-3886] merging instance 'pg/blob_y_reg[7]' (FDRE) to 'pg/blob_y_reg[9]'
INFO: [Synth 8-3333] propagating constant 1 across sequential element (\pg/blob_y_reg[8] )
INFO: [Synth 8-3333] propagating constant 0 across sequential element (\pg/blob_y_reg[9] )
---------------------------------------------------------------------------------
Finished Cross Boundary and Area Optimization : Time (s): cpu = 00:00:09 ; elapsed = 00:00:12 . Memory (MB): peak = 2050.777 ; gain = 431.125 ; free physical = 4732 ; free virtual = 12668
---------------------------------------------------------------------------------
---------------------------------------------------------------------------------
Start ROM, RAM, DSP and Shift Register Reporting
---------------------------------------------------------------------------------

DSP: Preliminary Mapping	Report (see note below)
+-------------+-------------+--------+--------+--------+--------+--------+------+------+------+------+-------+------+------+
|Module Name  | DSP Mapping | A Size | B Size | C Size | D Size | P Size | AREG | BREG | CREG | DREG | ADREG | MREG | PREG | 
+-------------+-------------+--------+--------+--------+--------+--------+------+------+------+------+-------+------+------+
|picture_blob | A*B         | 21     | 16     | -      | -      | 37     | 0    | 0    | -    | -    | -     | 0    | 0    | 
|picture_blob | A*B         | 22     | 16     | -      | -      | 38     | 0    | 0    | -    | -    | -     | 0    | 0    | 
+-------------+-------------+--------+--------+--------+--------+--------+------+------+------+------+-------+------+------+

Note: The table above is a preliminary report that shows the DSPs inferred at the current stage of the synthesis flow. Some DSP may be reimplemented as non DSP primitives later in the synthesis flow. Multiple instantiated DSPs are reported only once.
---------------------------------------------------------------------------------
Finished ROM, RAM, DSP and Shift Register Reporting
---------------------------------------------------------------------------------

Report RTL Partitions: 
+-+--------------+------------+----------+
| |RTL Partition |Replication |Instances |
+-+--------------+------------+----------+
+-+--------------+------------+----------+
---------------------------------------------------------------------------------
Start Applying XDC Timing Constraints
---------------------------------------------------------------------------------
---------------------------------------------------------------------------------
Finished Applying XDC Timing Constraints : Time (s): cpu = 00:00:15 ; elapsed = 00:00:18 . Memory (MB): peak = 2050.777 ; gain = 431.125 ; free physical = 4583 ; free virtual = 12519
---------------------------------------------------------------------------------
---------------------------------------------------------------------------------
Start Timing Optimization
---------------------------------------------------------------------------------
---------------------------------------------------------------------------------
Finished Timing Optimization : Time (s): cpu = 00:00:15 ; elapsed = 00:00:19 . Memory (MB): peak = 2050.777 ; gain = 431.125 ; free physical = 4571 ; free virtual = 12507
---------------------------------------------------------------------------------

Report RTL Partitions: 
+-+--------------+------------+----------+
| |RTL Partition |Replication |Instances |
+-+--------------+------------+----------+
+-+--------------+------------+----------+
---------------------------------------------------------------------------------
Start Technology Mapping
---------------------------------------------------------------------------------
---------------------------------------------------------------------------------
Finished Technology Mapping : Time (s): cpu = 00:00:16 ; elapsed = 00:00:19 . Memory (MB): peak = 2050.777 ; gain = 431.125 ; free physical = 4571 ; free virtual = 12507
---------------------------------------------------------------------------------

Report RTL Partitions: 
+-+--------------+------------+----------+
| |RTL Partition |Replication |Instances |
+-+--------------+------------+----------+
+-+--------------+------------+----------+
---------------------------------------------------------------------------------
Start IO Insertion
---------------------------------------------------------------------------------
---------------------------------------------------------------------------------
Start Flattening Before IO Insertion
---------------------------------------------------------------------------------
---------------------------------------------------------------------------------
Finished Flattening Before IO Insertion
---------------------------------------------------------------------------------
---------------------------------------------------------------------------------
Start Final Netlist Cleanup
---------------------------------------------------------------------------------
---------------------------------------------------------------------------------
Finished Final Netlist Cleanup
---------------------------------------------------------------------------------
---------------------------------------------------------------------------------
Finished IO Insertion : Time (s): cpu = 00:00:18 ; elapsed = 00:00:21 . Memory (MB): peak = 2050.777 ; gain = 431.125 ; free physical = 4571 ; free virtual = 12507
---------------------------------------------------------------------------------
---------------------------------------------------------------------------------
Start Renaming Generated Instances
---------------------------------------------------------------------------------
---------------------------------------------------------------------------------
Finished Renaming Generated Instances : Time (s): cpu = 00:00:18 ; elapsed = 00:00:21 . Memory (MB): peak = 2050.777 ; gain = 431.125 ; free physical = 4571 ; free virtual = 12507
---------------------------------------------------------------------------------

Report RTL Partitions: 
+-+--------------+------------+----------+
| |RTL Partition |Replication |Instances |
+-+--------------+------------+----------+
+-+--------------+------------+----------+

Report Check Netlist: 
+------+------------------+-------+---------+-------+------------------+
|      |Item              |Errors |Warnings |Status |Description       |
+------+------------------+-------+---------+-------+------------------+
|1     |multi_driven_nets |      0|        0|Passed |Multi driven nets |
+------+------------------+-------+---------+-------+------------------+
---------------------------------------------------------------------------------
Start Rebuilding User Hierarchy
---------------------------------------------------------------------------------
---------------------------------------------------------------------------------
Finished Rebuilding User Hierarchy : Time (s): cpu = 00:00:18 ; elapsed = 00:00:21 . Memory (MB): peak = 2050.777 ; gain = 431.125 ; free physical = 4571 ; free virtual = 12507
---------------------------------------------------------------------------------
---------------------------------------------------------------------------------
Start Renaming Generated Ports
---------------------------------------------------------------------------------
---------------------------------------------------------------------------------
Finished Renaming Generated Ports : Time (s): cpu = 00:00:18 ; elapsed = 00:00:21 . Memory (MB): peak = 2050.777 ; gain = 431.125 ; free physical = 4571 ; free virtual = 12507
---------------------------------------------------------------------------------
---------------------------------------------------------------------------------
Start Handling Custom Attributes
---------------------------------------------------------------------------------
---------------------------------------------------------------------------------
Finished Handling Custom Attributes : Time (s): cpu = 00:00:18 ; elapsed = 00:00:21 . Memory (MB): peak = 2050.777 ; gain = 431.125 ; free physical = 4571 ; free virtual = 12507
---------------------------------------------------------------------------------
---------------------------------------------------------------------------------
Start Renaming Generated Nets
---------------------------------------------------------------------------------
---------------------------------------------------------------------------------
Finished Renaming Generated Nets : Time (s): cpu = 00:00:18 ; elapsed = 00:00:21 . Memory (MB): peak = 2050.777 ; gain = 431.125 ; free physical = 4571 ; free virtual = 12507
---------------------------------------------------------------------------------
---------------------------------------------------------------------------------
Start Writing Synthesis Report
---------------------------------------------------------------------------------

Report BlackBoxes: 
+------+--------------+----------+
|      |BlackBox name |Instances |
+------+--------------+----------+
|1     |image_rom_ds2 |         1|
|2     |image_rom     |         1|
+------+--------------+----------+

Report Cell Usage: 
+------+--------------+------+
|      |Cell          |Count |
+------+--------------+------+
|1     |image_rom     |     1|
|2     |image_rom_ds2 |     1|
|3     |BUFG          |     2|
|4     |CARRY4        |   105|
|5     |DSP48E1       |     2|
|6     |LUT1          |    52|
|7     |LUT2          |   150|
|8     |LUT3          |    69|
|9     |LUT4          |    80|
|10    |LUT5          |    43|
|11    |LUT6          |   105|
|12    |MMCME2_ADV    |     1|
|13    |FDRE          |   155|
|14    |FDSE          |    21|
|15    |IBUF          |    22|
|16    |OBUF          |    52|
+------+--------------+------+

Report Instance Areas: 
+------+----------------+---------------------+------+
|      |Instance        |Module               |Cells |
+------+----------------+---------------------+------+
|1     |top             |                     |   875|
|2     |  clkdivider    |clk_wiz_lab3         |     4|
|3     |  db1           |debounce             |    37|
|4     |  db2           |debounce_0           |    88|
|5     |  db3           |debounce_1           |    42|
|6     |  display       |display_8hex         |    57|
|7     |  pg            |pong_game            |   384|
|8     |    center_blob |blob__parameterized1 |    23|
|9     |    moon        |picture_blob         |    71|
|10    |    paddle      |blob                 |    18|
|11    |    puck        |blob__parameterized0 |    49|
|12    |  xvga1         |xvga                 |   158|
+------+----------------+---------------------+------+
---------------------------------------------------------------------------------
Finished Writing Synthesis Report : Time (s): cpu = 00:00:18 ; elapsed = 00:00:21 . Memory (MB): peak = 2050.777 ; gain = 431.125 ; free physical = 4571 ; free virtual = 12507
---------------------------------------------------------------------------------
Synthesis finished with 0 errors, 0 critical warnings and 1 warnings.
Synthesis Optimization Runtime : Time (s): cpu = 00:00:17 ; elapsed = 00:00:20 . Memory (MB): peak = 2050.777 ; gain = 262.406 ; free physical = 4637 ; free virtual = 12573
Synthesis Optimization Complete : Time (s): cpu = 00:00:18 ; elapsed = 00:00:21 . Memory (MB): peak = 2050.777 ; gain = 431.125 ; free physical = 4637 ; free virtual = 12573
INFO: [Project 1-571] Translating synthesized netlist
Netlist sorting complete. Time (s): cpu = 00:00:00 ; elapsed = 00:00:00.01 . Memory (MB): peak = 2050.777 ; gain = 0.000 ; free physical = 4705 ; free virtual = 12641
INFO: [Netlist 29-17] Analyzing 108 Unisim elements for replacement
INFO: [Netlist 29-28] Unisim Transformation completed in 0 CPU seconds
INFO: [Project 1-570] Preparing netlist for logic optimization
INFO: [Opt 31-138] Pushed 0 inverter(s) to 0 load pin(s).
Netlist sorting complete. Time (s): cpu = 00:00:00 ; elapsed = 00:00:00 . Memory (MB): peak = 2076.793 ; gain = 0.000 ; free physical = 4647 ; free virtual = 12584
INFO: [Project 1-111] Unisim Transformation Summary:
No Unisim elements were transformed.

INFO: [Common 17-83] Releasing license: Synthesis
80 Infos, 10 Warnings, 0 Critical Warnings and 0 Errors encountered.
synth_design completed successfully
synth_design: Time (s): cpu = 00:00:23 ; elapsed = 00:00:28 . Memory (MB): peak = 2076.793 ; gain = 643.336 ; free physical = 4787 ; free virtual = 12722
INFO: [Common 17-600] The following parameters have non-default value.
tcl.collectionResultDisplayLimit
Netlist sorting complete. Time (s): cpu = 00:00:00 ; elapsed = 00:00:00 . Memory (MB): peak = 2076.793 ; gain = 0.000 ; free physical = 4787 ; free virtual = 12722
WARNING: [Constraints 18-5210] No constraints selected for write.
Resolution: This message can indicate that there are no constraints for the design, or it can indicate that the used_in flags are set such that the constraints are ignored. This later case is used when running synth_design to not write synthesis constraints to the resulting checkpoint. Instead, project constraints are read when the synthesized design is opened.
INFO: [Common 17-1381] The checkpoint '/home/joselavariega/Desktop/6.111 Digital Systems Lab/lab3_p1/lab3_p1.runs/synth_1/top_level.dcp' has been generated.
INFO: [runtcl-4] Executing : report_utilization -file top_level_utilization_synth.rpt -pb top_level_utilization_synth.pb
INFO: [Common 17-206] Exiting Vivado at Thu Sep 30 19:26:51 2021...
